<?xml version="1.0" encoding="UTF-8"?>
<!-- Generated by org.testng.reporters.JUnitXMLReporter -->
<testsuite hostname="ZIPLSY1781" ignored="0" name="Command line test" tests="19" failures="14" timestamp="18 Sep 2018 06:21:43 GMT" time="183.519" errors="0">
  <testcase name="Login" time="58.117" classname="com.main.FlowEInvoice">
    <failure type="org.openqa.selenium.WebDriverException" message="chrome not reachable
  (Session info: chrome=68.0.3440.106)
  (Driver info: chromedriver=2.36.540470 (e522d04694c7ebea4ba8821272dbef4f9b818c91),platform=Windows NT 10.0.15063 x86_64) (WARNING: The server did not provide any stacktrace information)
Command duration or timeout: 0 milliseconds
Build info: version: &amp;apos;3.6.0&amp;apos;, revision: &amp;apos;6fbf3ec767&amp;apos;, time: &amp;apos;2017-09-27T16:15:26.402Z&amp;apos;
System info: host: &amp;apos;ZIPLSY1781&amp;apos;, ip: &amp;apos;192.168.56.1&amp;apos;, os.name: &amp;apos;Windows 10&amp;apos;, os.arch: &amp;apos;amd64&amp;apos;, os.version: &amp;apos;10.0&amp;apos;, java.version: &amp;apos;1.8.0_111&amp;apos;
Driver info: org.openqa.selenium.chrome.ChromeDriver
Capabilities [{mobileEmulationEnabled=false, hasTouchScreen=false, platform=XP, acceptSslCerts=false, acceptInsecureCerts=false, webStorageEnabled=true, browserName=chrome, takesScreenshot=true, javascriptEnabled=true, platformName=XP, setWindowRect=true, unexpectedAlertBehaviour=, applicationCacheEnabled=false, rotatable=false, networkConnectionEnabled=false, chrome={chromedriverVersion=2.36.540470 (e522d04694c7ebea4ba8821272dbef4f9b818c91), userDataDir=C:\Users\VARUN~1.KHU\AppData\Local\Temp\scoped_dir27708_16659}, takesHeapSnapshot=true, pageLoadStrategy=normal, unhandledPromptBehavior=, databaseEnabled=false, handlesAlerts=true, version=68.0.3440.106, browserConnectionEnabled=false, nativeEvents=true, locationContextEnabled=true, cssSelectorsEnabled=true}]
Session ID: 9abd803be4e50dbf750f3b480d802c07">
      <![CDATA[org.openqa.selenium.WebDriverException: chrome not reachable
  (Session info: chrome=68.0.3440.106)
  (Driver info: chromedriver=2.36.540470 (e522d04694c7ebea4ba8821272dbef4f9b818c91),platform=Windows NT 10.0.15063 x86_64) (WARNING: The server did not provide any stacktrace information)
Command duration or timeout: 0 milliseconds
Build info: version: '3.6.0', revision: '6fbf3ec767', time: '2017-09-27T16:15:26.402Z'
System info: host: 'ZIPLSY1781', ip: '192.168.56.1', os.name: 'Windows 10', os.arch: 'amd64', os.version: '10.0', java.version: '1.8.0_111'
Driver info: org.openqa.selenium.chrome.ChromeDriver
Capabilities [{mobileEmulationEnabled=false, hasTouchScreen=false, platform=XP, acceptSslCerts=false, acceptInsecureCerts=false, webStorageEnabled=true, browserName=chrome, takesScreenshot=true, javascriptEnabled=true, platformName=XP, setWindowRect=true, unexpectedAlertBehaviour=, applicationCacheEnabled=false, rotatable=false, networkConnectionEnabled=false, chrome={chromedriverVersion=2.36.540470 (e522d04694c7ebea4ba8821272dbef4f9b818c91), userDataDir=C:\Users\VARUN~1.KHU\AppData\Local\Temp\scoped_dir27708_16659}, takesHeapSnapshot=true, pageLoadStrategy=normal, unhandledPromptBehavior=, databaseEnabled=false, handlesAlerts=true, version=68.0.3440.106, browserConnectionEnabled=false, nativeEvents=true, locationContextEnabled=true, cssSelectorsEnabled=true}]
Session ID: 9abd803be4e50dbf750f3b480d802c07
at org.openqa.selenium.remote.ErrorHandler.createThrowable(ErrorHandler.java:214)
at org.openqa.selenium.remote.ErrorHandler.throwIfResponseFailed(ErrorHandler.java:166)
at org.openqa.selenium.remote.http.JsonHttpResponseCodec.reconstructValue(JsonHttpResponseCodec.java:40)
at org.openqa.selenium.remote.http.AbstractHttpResponseCodec.decode(AbstractHttpResponseCodec.java:82)
at org.openqa.selenium.remote.http.AbstractHttpResponseCodec.decode(AbstractHttpResponseCodec.java:45)
at org.openqa.selenium.remote.HttpCommandExecutor.execute(HttpCommandExecutor.java:164)
at org.openqa.selenium.remote.service.DriverCommandExecutor.execute(DriverCommandExecutor.java:83)
at org.openqa.selenium.remote.RemoteWebDriver.execute(RemoteWebDriver.java:586)
at org.openqa.selenium.remote.RemoteWebDriver.execute(RemoteWebDriver.java:643)
at org.openqa.selenium.remote.RemoteWebDriver.getScreenshotAs(RemoteWebDriver.java:328)
at Framework.CommonUtility.getScreenhot(CommonUtility.java:289)
at com.main.FlowEInvoice.callAndLog(FlowEInvoice.java:418)
at com.main.FlowEInvoice.Login(FlowEInvoice.java:84)
at com.main.Main_Sanity.main(Main_Sanity.java:17)
... Removed 26 stack frames]]>
    </failure>
  </testcase> <!-- Login -->
  <testcase name="Invoices" time="7.06" classname="com.main.FlowEInvoice">
    <failure type="java.lang.NullPointerException">
      <![CDATA[java.lang.NullPointerException
at common.Functions.eInvoice_CommonFunctions.navigate_path(eInvoice_CommonFunctions.java:128)
at com.main.FlowEInvoice.Invoices(FlowEInvoice.java:93)
at com.main.Main_Sanity.main(Main_Sanity.java:17)
... Removed 22 stack frames]]>
    </failure>
  </testcase> <!-- Invoices -->
  <testcase name="ApprovalAction" time="7.039" classname="com.main.FlowEInvoice">
    <failure type="java.lang.NullPointerException">
      <![CDATA[java.lang.NullPointerException
at common.Functions.eInvoice_CommonFunctions.navigate_path(eInvoice_CommonFunctions.java:128)
at com.main.FlowEInvoice.ApprovalAction(FlowEInvoice.java:139)
at com.main.Main_Sanity.main(Main_Sanity.java:17)
... Removed 22 stack frames]]>
    </failure>
  </testcase> <!-- ApprovalAction -->
  <testcase name="InvoiceNonPO" time="0.129" classname="com.main.FlowEInvoice">
    <failure type="org.testng.internal.reflect.MethodMatcherException" message="
Data provider mismatch
Method: InvoiceNonPO([Parameter{index=0, type=java.lang.String, declaredAnnotations=[]}, Parameter{index=1, type=java.lang.String, declaredAnnotations=[]}, Parameter{index=2, type=java.lang.String, declaredAnnotations=[]}, Parameter{index=3, type=java.lang.String, declaredAnnotations=[]}, Parameter{index=4, type=java.lang.String, declaredAnnotations=[]}, Parameter{index=5, type=java.lang.String, declaredAnnotations=[]}, Parameter{index=6, type=java.lang.String, declaredAnnotations=[]}, Parameter{index=7, type=java.lang.String, declaredAnnotations=[]}, Parameter{index=8, type=java.lang.String, declaredAnnotations=[]}, Parameter{index=9, type=java.lang.String, declaredAnnotations=[]}])
Arguments: [(java.lang.String) GDQA_SUPPLIER,(java.lang.String) NET30,(java.lang.String) INR,(java.lang.String) 19/06/2018,(java.lang.String) CMD-sanity,(java.lang.String) 70,(java.lang.String) test,(java.lang.String) Materials testing,(java.lang.String) 32189,(java.lang.String) 1000,(java.lang.String) GLTYPE011,(java.lang.String) QMS]">
      <![CDATA[org.testng.internal.reflect.MethodMatcherException: 
Data provider mismatch
Method: InvoiceNonPO([Parameter{index=0, type=java.lang.String, declaredAnnotations=[]}, Parameter{index=1, type=java.lang.String, declaredAnnotations=[]}, Parameter{index=2, type=java.lang.String, declaredAnnotations=[]}, Parameter{index=3, type=java.lang.String, declaredAnnotations=[]}, Parameter{index=4, type=java.lang.String, declaredAnnotations=[]}, Parameter{index=5, type=java.lang.String, declaredAnnotations=[]}, Parameter{index=6, type=java.lang.String, declaredAnnotations=[]}, Parameter{index=7, type=java.lang.String, declaredAnnotations=[]}, Parameter{index=8, type=java.lang.String, declaredAnnotations=[]}, Parameter{index=9, type=java.lang.String, declaredAnnotations=[]}])
Arguments: [(java.lang.String) GDQA_SUPPLIER,(java.lang.String) NET30,(java.lang.String) INR,(java.lang.String) 19/06/2018,(java.lang.String) CMD-sanity,(java.lang.String) 70,(java.lang.String) test,(java.lang.String) Materials testing,(java.lang.String) 32189,(java.lang.String) 1000,(java.lang.String) GLTYPE011,(java.lang.String) QMS]
at com.main.Main_Sanity.main(Main_Sanity.java:17)
... Removed 17 stack frames]]>
    </failure>
  </testcase> <!-- InvoiceNonPO -->
  <testcase name="InvoiceAction" time="7.03" classname="com.main.FlowEInvoice">
    <failure type="java.lang.NullPointerException">
      <![CDATA[java.lang.NullPointerException
at common.Functions.eInvoice_CommonFunctions.navigate_path(eInvoice_CommonFunctions.java:128)
at com.main.FlowEInvoice.InvoiceAction(FlowEInvoice.java:167)
at com.main.Main_Sanity.main(Main_Sanity.java:17)
... Removed 22 stack frames]]>
    </failure>
  </testcase> <!-- InvoiceAction -->
  <testcase name="searchPurchaseOrders" time="16.091" classname="com.main.FlowEInvoice">
    <failure type="org.openqa.selenium.WebDriverException" message="chrome not reachable
  (Session info: chrome=68.0.3440.106)
  (Driver info: chromedriver=2.36.540470 (e522d04694c7ebea4ba8821272dbef4f9b818c91),platform=Windows NT 10.0.15063 x86_64) (WARNING: The server did not provide any stacktrace information)
Command duration or timeout: 0 milliseconds
Build info: version: &amp;apos;3.6.0&amp;apos;, revision: &amp;apos;6fbf3ec767&amp;apos;, time: &amp;apos;2017-09-27T16:15:26.402Z&amp;apos;
System info: host: &amp;apos;ZIPLSY1781&amp;apos;, ip: &amp;apos;192.168.56.1&amp;apos;, os.name: &amp;apos;Windows 10&amp;apos;, os.arch: &amp;apos;amd64&amp;apos;, os.version: &amp;apos;10.0&amp;apos;, java.version: &amp;apos;1.8.0_111&amp;apos;
Driver info: org.openqa.selenium.chrome.ChromeDriver
Capabilities [{mobileEmulationEnabled=false, hasTouchScreen=false, platform=XP, acceptSslCerts=false, acceptInsecureCerts=false, webStorageEnabled=true, browserName=chrome, takesScreenshot=true, javascriptEnabled=true, platformName=XP, setWindowRect=true, unexpectedAlertBehaviour=, applicationCacheEnabled=false, rotatable=false, networkConnectionEnabled=false, chrome={chromedriverVersion=2.36.540470 (e522d04694c7ebea4ba8821272dbef4f9b818c91), userDataDir=C:\Users\VARUN~1.KHU\AppData\Local\Temp\scoped_dir27708_16659}, takesHeapSnapshot=true, pageLoadStrategy=normal, unhandledPromptBehavior=, databaseEnabled=false, handlesAlerts=true, version=68.0.3440.106, browserConnectionEnabled=false, nativeEvents=true, locationContextEnabled=true, cssSelectorsEnabled=true}]
Session ID: 9abd803be4e50dbf750f3b480d802c07">
      <![CDATA[org.openqa.selenium.WebDriverException: chrome not reachable
  (Session info: chrome=68.0.3440.106)
  (Driver info: chromedriver=2.36.540470 (e522d04694c7ebea4ba8821272dbef4f9b818c91),platform=Windows NT 10.0.15063 x86_64) (WARNING: The server did not provide any stacktrace information)
Command duration or timeout: 0 milliseconds
Build info: version: '3.6.0', revision: '6fbf3ec767', time: '2017-09-27T16:15:26.402Z'
System info: host: 'ZIPLSY1781', ip: '192.168.56.1', os.name: 'Windows 10', os.arch: 'amd64', os.version: '10.0', java.version: '1.8.0_111'
Driver info: org.openqa.selenium.chrome.ChromeDriver
Capabilities [{mobileEmulationEnabled=false, hasTouchScreen=false, platform=XP, acceptSslCerts=false, acceptInsecureCerts=false, webStorageEnabled=true, browserName=chrome, takesScreenshot=true, javascriptEnabled=true, platformName=XP, setWindowRect=true, unexpectedAlertBehaviour=, applicationCacheEnabled=false, rotatable=false, networkConnectionEnabled=false, chrome={chromedriverVersion=2.36.540470 (e522d04694c7ebea4ba8821272dbef4f9b818c91), userDataDir=C:\Users\VARUN~1.KHU\AppData\Local\Temp\scoped_dir27708_16659}, takesHeapSnapshot=true, pageLoadStrategy=normal, unhandledPromptBehavior=, databaseEnabled=false, handlesAlerts=true, version=68.0.3440.106, browserConnectionEnabled=false, nativeEvents=true, locationContextEnabled=true, cssSelectorsEnabled=true}]
Session ID: 9abd803be4e50dbf750f3b480d802c07
at org.openqa.selenium.remote.ErrorHandler.createThrowable(ErrorHandler.java:214)
at org.openqa.selenium.remote.ErrorHandler.throwIfResponseFailed(ErrorHandler.java:166)
at org.openqa.selenium.remote.http.JsonHttpResponseCodec.reconstructValue(JsonHttpResponseCodec.java:40)
at org.openqa.selenium.remote.http.AbstractHttpResponseCodec.decode(AbstractHttpResponseCodec.java:82)
at org.openqa.selenium.remote.http.AbstractHttpResponseCodec.decode(AbstractHttpResponseCodec.java:45)
at org.openqa.selenium.remote.HttpCommandExecutor.execute(HttpCommandExecutor.java:164)
at org.openqa.selenium.remote.service.DriverCommandExecutor.execute(DriverCommandExecutor.java:83)
at org.openqa.selenium.remote.RemoteWebDriver.execute(RemoteWebDriver.java:586)
at org.openqa.selenium.remote.RemoteWebDriver.execute(RemoteWebDriver.java:643)
at org.openqa.selenium.remote.RemoteWebDriver.getScreenshotAs(RemoteWebDriver.java:328)
at Framework.CommonUtility.getScreenhot(CommonUtility.java:289)
at com.main.FlowEInvoice.callAndLog(FlowEInvoice.java:418)
at com.main.FlowEInvoice.searchPurchaseOrders(FlowEInvoice.java:195)
at com.main.Main_Sanity.main(Main_Sanity.java:17)
... Removed 26 stack frames]]>
    </failure>
  </testcase> <!-- searchPurchaseOrders -->
  <testcase name="ConfigureOOO" time="7.024" classname="com.main.FlowEInvoice">
    <failure type="java.lang.NullPointerException">
      <![CDATA[java.lang.NullPointerException
at common.Functions.eInvoice_CommonFunctions.navigate_path(eInvoice_CommonFunctions.java:128)
at com.main.FlowEInvoice.ConfigureOOO(FlowEInvoice.java:216)
at com.main.Main_Sanity.main(Main_Sanity.java:17)
... Removed 22 stack frames]]>
    </failure>
  </testcase> <!-- ConfigureOOO -->
  <testcase name="CreditMemowithoutReference" time="0.0" classname="com.main.FlowEInvoice">
    <skipped/>
  </testcase> <!-- CreditMemowithoutReference -->
  <testcase name="CreditMemoagainstPO" time="7.032" classname="com.main.FlowEInvoice">
    <failure type="java.lang.NullPointerException">
      <![CDATA[java.lang.NullPointerException
at common.Functions.eInvoice_CommonFunctions.navigate_path(eInvoice_CommonFunctions.java:128)
at com.main.FlowEInvoice.CreditMemoagainstPO(FlowEInvoice.java:239)
at com.main.Main_Sanity.main(Main_Sanity.java:17)
... Removed 22 stack frames]]>
    </failure>
  </testcase> <!-- CreditMemoagainstPO -->
  <testcase name="InvoiceagainstPO" time="7.033" classname="com.main.FlowEInvoice">
    <failure type="java.lang.NullPointerException">
      <![CDATA[java.lang.NullPointerException
at common.Functions.eInvoice_CommonFunctions.navigate_path(eInvoice_CommonFunctions.java:128)
at com.main.FlowEInvoice.InvoiceagainstPO(FlowEInvoice.java:249)
at com.main.Main_Sanity.main(Main_Sanity.java:17)
... Removed 22 stack frames]]>
    </failure>
  </testcase> <!-- InvoiceagainstPO -->
  <testcase name="Statements" time="0.0" classname="com.main.FlowEInvoice">
    <skipped/>
  </testcase> <!-- Statements -->
  <testcase name="AddReconciliationStatements" time="0.0" classname="com.main.FlowEInvoice">
    <skipped/>
  </testcase> <!-- AddReconciliationStatements -->
  <testcase name="Uploads" time="8.056" classname="com.main.FlowEInvoice"/>
  <testcase name="Batches" time="7.04" classname="com.main.FlowEInvoice">
    <failure type="java.lang.Exception">
      <![CDATA[java.lang.Exception
at common.Functions.eInvoice_CommonFunctions.navigate_path(eInvoice_CommonFunctions.java:129)
at com.main.FlowEInvoice.Batches(FlowEInvoice.java:302)
at com.main.Main_Sanity.main(Main_Sanity.java:17)
... Removed 22 stack frames]]>
    </failure>
  </testcase> <!-- Batches -->
  <testcase name="shareMyReports" time="12.084" classname="com.main.FlowEInvoice">
    <failure type="java.lang.Exception">
      <![CDATA[java.lang.Exception
at com.zycus.eInvoice.Reports.Reports.selectMyReports(Reports.java:105)
at com.main.FlowEInvoice.shareMyReports(FlowEInvoice.java:318)
at com.main.Main_Sanity.main(Main_Sanity.java:17)
... Removed 22 stack frames]]>
    </failure>
  </testcase> <!-- shareMyReports -->
  <testcase name="NewBatch" time="7.033" classname="com.main.FlowEInvoice">
    <failure type="java.lang.Exception">
      <![CDATA[java.lang.Exception
at common.Functions.eInvoice_CommonFunctions.navigate_path(eInvoice_CommonFunctions.java:129)
at com.main.FlowEInvoice.NewBatch(FlowEInvoice.java:330)
at com.main.Main_Sanity.main(Main_Sanity.java:17)
... Removed 22 stack frames]]>
    </failure>
  </testcase> <!-- NewBatch -->
  <testcase name="createProcessForm" time="7.028" classname="com.main.FlowEInvoice">
    <failure type="java.lang.Exception">
      <![CDATA[java.lang.Exception
at common.Functions.eInvoice_CommonFunctions.navigate_path(eInvoice_CommonFunctions.java:129)
at com.main.FlowEInvoice.createProcessForm(FlowEInvoice.java:350)
at com.main.Main_Sanity.main(Main_Sanity.java:17)
... Removed 22 stack frames]]>
    </failure>
  </testcase> <!-- createProcessForm -->
  <testcase name="Reports" time="8.052" classname="com.main.FlowEInvoice">
    <failure type="java.lang.Exception">
      <![CDATA[java.lang.Exception
at common.Reports.Common_Reports.searchReport(Common_Reports.java:52)
at com.main.FlowEInvoice.Reports(FlowEInvoice.java:365)
at com.main.Main_Sanity.main(Main_Sanity.java:17)
... Removed 22 stack frames]]>
    </failure>
  </testcase> <!-- Reports -->
  <testcase name="Workflow" time="12.099" classname="com.main.FlowEInvoice"/>
</testsuite> <!-- Command line test -->
