<?xml version="1.0" encoding="UTF-8"?>
<testng-results skipped="0" failed="13" ignored="0" total="15" passed="2">
  <reporter-output>
    <line>
      <![CDATA[<img src="file://C:\Users\anisha.jain\git\PEGAutomation_latest\test-output\screenshot\img20180925_170505.png" alt=""/>]]>
    </line>
    <line>
      <![CDATA[<img src="file://C:\Users\anisha.jain\git\PEGAutomation_latest\test-output\screenshot\img20180925_170514.png" alt=""/>]]>
    </line>
    <line>
      <![CDATA[<img src="file://C:\Users\anisha.jain\git\PEGAutomation_latest\test-output\screenshot\img20180925_170553.png" alt=""/>]]>
    </line>
    <line>
      <![CDATA[<img src="file://C:\Users\anisha.jain\git\PEGAutomation_latest\test-output\screenshot\img20180925_170625.png" alt=""/>]]>
    </line>
    <line>
      <![CDATA[<img src="file://C:\Users\anisha.jain\git\PEGAutomation_latest\test-output\screenshot\img20180925_170632.png" alt=""/>]]>
    </line>
    <line>
      <![CDATA[<img src="file://C:\Users\anisha.jain\git\PEGAutomation_latest\test-output\screenshot\img20180925_170639.png" alt=""/>]]>
    </line>
    <line>
      <![CDATA[<img src="file://C:\Users\anisha.jain\git\PEGAutomation_latest\test-output\screenshot\img20180925_170640.png" alt=""/>]]>
    </line>
    <line>
      <![CDATA[<img src="file://C:\Users\anisha.jain\git\PEGAutomation_latest\test-output\screenshot\img20180925_170648.png" alt=""/>]]>
    </line>
    <line>
      <![CDATA[<img src="file://C:\Users\anisha.jain\git\PEGAutomation_latest\test-output\screenshot\img20180925_170648.png" alt=""/>]]>
    </line>
    <line>
      <![CDATA[<img src="file://C:\Users\anisha.jain\git\PEGAutomation_latest\test-output\screenshot\img20180925_170652.png" alt=""/>]]>
    </line>
    <line>
      <![CDATA[<img src="file://C:\Users\anisha.jain\git\PEGAutomation_latest\test-output\screenshot\img20180925_170652.png" alt=""/>]]>
    </line>
    <line>
      <![CDATA[<img src="file://C:\Users\anisha.jain\git\PEGAutomation_latest\test-output\screenshot\img20180925_170656.png" alt=""/>]]>
    </line>
    <line>
      <![CDATA[<img src="file://C:\Users\anisha.jain\git\PEGAutomation_latest\test-output\screenshot\img20180925_170656.png" alt=""/>]]>
    </line>
    <line>
      <![CDATA[<img src="file://C:\Users\anisha.jain\git\PEGAutomation_latest\test-output\screenshot\img20180925_170659.png" alt=""/>]]>
    </line>
    <line>
      <![CDATA[<img src="file://C:\Users\anisha.jain\git\PEGAutomation_latest\test-output\screenshot\img20180925_170700.png" alt=""/>]]>
    </line>
    <line>
      <![CDATA[<img src="file://C:\Users\anisha.jain\git\PEGAutomation_latest\test-output\screenshot\img20180925_170703.png" alt=""/>]]>
    </line>
    <line>
      <![CDATA[<img src="file://C:\Users\anisha.jain\git\PEGAutomation_latest\test-output\screenshot\img20180925_170707.png" alt=""/>]]>
    </line>
    <line>
      <![CDATA[<img src="file://C:\Users\anisha.jain\git\PEGAutomation_latest\test-output\screenshot\img20180925_170709.png" alt=""/>]]>
    </line>
    <line>
      <![CDATA[<img src="file://C:\Users\anisha.jain\git\PEGAutomation_latest\test-output\screenshot\img20180925_170713.png" alt=""/>]]>
    </line>
    <line>
      <![CDATA[<img src="file://C:\Users\anisha.jain\git\PEGAutomation_latest\test-output\screenshot\img20180925_170717.png" alt=""/>]]>
    </line>
  </reporter-output>
  <suite name="Suite" duration-ms="173076" started-at="2018-09-25T11:34:24Z" finished-at="2018-09-25T11:37:17Z">
    <groups>
    </groups>
    <test name="Test" duration-ms="173076" started-at="2018-09-25T11:34:24Z" finished-at="2018-09-25T11:37:17Z">
      <class name="com.main.flowZSN">
        <test-method status="PASS" signature="startReport()[pri:0, instance:com.main.flowZSN@7a3d45bd]" name="startReport" is-config="true" duration-ms="4000" started-at="2018-09-25T11:34:24Z" finished-at="2018-09-25T11:34:28Z">
          <reporter-output>
          </reporter-output>
        </test-method> <!-- startReport -->
        <test-method status="PASS" signature="Login(java.lang.String, java.lang.String, java.lang.String)[pri:1, instance:com.main.flowZSN@7a3d45bd]" name="Login" duration-ms="26621" started-at="2018-09-25T11:34:28Z" data-provider="Login" finished-at="2018-09-25T11:34:55Z">
          <params>
            <param index="0">
              <value>
                <![CDATA[hinal.shah@zycus.com]]>
              </value>
            </param>
            <param index="1">
              <value>
                <![CDATA[UmlnaHRAMTIz]]>
              </value>
            </param>
            <param index="2">
              <value>
                <![CDATA[ZCS]]>
              </value>
            </param>
          </params>
          <reporter-output>
          </reporter-output>
        </test-method> <!-- Login -->
        <test-method status="PASS" signature="getResult(org.testng.ITestResult)[pri:0, instance:com.main.flowZSN@7a3d45bd]" name="getResult" is-config="true" duration-ms="2" started-at="2018-09-25T11:34:55Z" finished-at="2018-09-25T11:34:55Z">
          <params>
            <param index="0">
              <value>
                <![CDATA[[TestResult name=Login status=SUCCESS method=flowZSN.Login(java.lang.String, java.lang.String, java.lang.String)[pri:1, instance:com.main.flowZSN@7a3d45bd] output={null}]]]>
              </value>
            </param>
          </params>
          <reporter-output>
          </reporter-output>
        </test-method> <!-- getResult -->
        <test-method status="FAIL" signature="Dashboard(java.lang.String, java.lang.String)[pri:2, instance:com.main.flowZSN@7a3d45bd]" name="Dashboard" duration-ms="3" started-at="2018-09-25T11:34:55Z" data-provider="Dashboard" depends-on-methods="com.main.flowZSN.Login" finished-at="2018-09-25T11:34:55Z">
          <params>
            <param index="0">
              <value>
                <![CDATA[Purchase Orders]]>
              </value>
            </param>
            <param index="1">
              <value>
                <![CDATA[GDQA_SUPPLIER]]>
              </value>
            </param>
          </params>
          <exception class="java.lang.NoClassDefFoundError">
            <message>
              <![CDATA[Common/CommonFunctions]]>
            </message>
            <full-stacktrace>
              <![CDATA[java.lang.NoClassDefFoundError: Common/CommonFunctions
at java.lang.ClassLoader.defineClass1(Native Method)
at java.lang.ClassLoader.defineClass(ClassLoader.java:763)
at java.security.SecureClassLoader.defineClass(SecureClassLoader.java:142)
at java.net.URLClassLoader.defineClass(URLClassLoader.java:467)
at java.net.URLClassLoader.access$100(URLClassLoader.java:73)
at java.net.URLClassLoader$1.run(URLClassLoader.java:368)
at java.net.URLClassLoader$1.run(URLClassLoader.java:362)
at java.security.AccessController.doPrivileged(Native Method)
at java.net.URLClassLoader.findClass(URLClassLoader.java:361)
at java.lang.ClassLoader.loadClass(ClassLoader.java:424)
at sun.misc.Launcher$AppClassLoader.loadClass(Launcher.java:331)
at java.lang.ClassLoader.loadClass(ClassLoader.java:357)
at com.main.flowZSN.Dashboard(flowZSN.java:287)
at sun.reflect.NativeMethodAccessorImpl.invoke0(Native Method)
at sun.reflect.NativeMethodAccessorImpl.invoke(NativeMethodAccessorImpl.java:62)
at sun.reflect.DelegatingMethodAccessorImpl.invoke(DelegatingMethodAccessorImpl.java:43)
at java.lang.reflect.Method.invoke(Method.java:498)
at org.testng.internal.MethodInvocationHelper.invokeMethod(MethodInvocationHelper.java:124)
at org.testng.internal.Invoker.invokeMethod(Invoker.java:580)
at org.testng.internal.Invoker.invokeTestMethod(Invoker.java:716)
at org.testng.internal.Invoker.invokeTestMethods(Invoker.java:988)
at org.testng.internal.TestMethodWorker.invokeTestMethods(TestMethodWorker.java:125)
at org.testng.internal.TestMethodWorker.run(TestMethodWorker.java:109)
at org.testng.TestRunner.privateRun(TestRunner.java:648)
at org.testng.TestRunner.run(TestRunner.java:505)
at org.testng.SuiteRunner.runTest(SuiteRunner.java:455)
at org.testng.SuiteRunner.runSequentially(SuiteRunner.java:450)
at org.testng.SuiteRunner.privateRun(SuiteRunner.java:415)
at org.testng.SuiteRunner.run(SuiteRunner.java:364)
at org.testng.SuiteRunnerWorker.runSuite(SuiteRunnerWorker.java:52)
at org.testng.SuiteRunnerWorker.run(SuiteRunnerWorker.java:84)
at org.testng.TestNG.runSuitesSequentially(TestNG.java:1208)
at org.testng.TestNG.runSuitesLocally(TestNG.java:1137)
at org.testng.TestNG.runSuites(TestNG.java:1049)
at org.testng.TestNG.run(TestNG.java:1017)
at org.testng.remote.AbstractRemoteTestNG.run(AbstractRemoteTestNG.java:114)
at org.testng.remote.RemoteTestNG.initAndRun(RemoteTestNG.java:251)
at org.testng.remote.RemoteTestNG.main(RemoteTestNG.java:77)
Caused by: java.lang.ClassNotFoundException: Common.CommonFunctions
at java.net.URLClassLoader.findClass(URLClassLoader.java:381)
at java.lang.ClassLoader.loadClass(ClassLoader.java:424)
at sun.misc.Launcher$AppClassLoader.loadClass(Launcher.java:331)
at java.lang.ClassLoader.loadClass(ClassLoader.java:357)
... 38 more
]]>
            </full-stacktrace>
          </exception> <!-- java.lang.NoClassDefFoundError -->
          <reporter-output>
          </reporter-output>
        </test-method> <!-- Dashboard -->
        <test-method status="PASS" signature="getResult(org.testng.ITestResult)[pri:0, instance:com.main.flowZSN@7a3d45bd]" name="getResult" is-config="true" duration-ms="0" started-at="2018-09-25T11:34:55Z" finished-at="2018-09-25T11:34:55Z">
          <params>
            <param index="0">
              <value>
                <![CDATA[[TestResult name=Dashboard status=FAILURE method=flowZSN.Dashboard(java.lang.String, java.lang.String)[pri:2, instance:com.main.flowZSN@7a3d45bd] output={null}]]]>
              </value>
            </param>
          </params>
          <reporter-output>
          </reporter-output>
        </test-method> <!-- getResult -->
        <test-method status="FAIL" signature="ViewInvoice(java.lang.String, java.lang.String, java.lang.String)[pri:3, instance:com.main.flowZSN@7a3d45bd]" name="ViewInvoice" duration-ms="3063" started-at="2018-09-25T11:34:55Z" data-provider="ViewInvoice" depends-on-methods="com.main.flowZSN.Login" finished-at="2018-09-25T11:34:58Z">
          <params>
            <param index="0">
              <value>
                <![CDATA[invoice]]>
              </value>
            </param>
            <param index="1">
              <value>
                <![CDATA[Submitted]]>
              </value>
            </param>
            <param index="2">
              <value>
                <![CDATA[Invoice]]>
              </value>
            </param>
          </params>
          <exception class="java.lang.NoClassDefFoundError">
            <message>
              <![CDATA[Common/CommonFunctions]]>
            </message>
            <full-stacktrace>
              <![CDATA[java.lang.NoClassDefFoundError: Common/CommonFunctions
at java.lang.ClassLoader.defineClass1(Native Method)
at java.lang.ClassLoader.defineClass(ClassLoader.java:763)
at java.security.SecureClassLoader.defineClass(SecureClassLoader.java:142)
at java.net.URLClassLoader.defineClass(URLClassLoader.java:467)
at java.net.URLClassLoader.access$100(URLClassLoader.java:73)
at java.net.URLClassLoader$1.run(URLClassLoader.java:368)
at java.net.URLClassLoader$1.run(URLClassLoader.java:362)
at java.security.AccessController.doPrivileged(Native Method)
at java.net.URLClassLoader.findClass(URLClassLoader.java:361)
at java.lang.ClassLoader.loadClass(ClassLoader.java:424)
at sun.misc.Launcher$AppClassLoader.loadClass(Launcher.java:331)
at java.lang.ClassLoader.loadClass(ClassLoader.java:357)
at com.main.flowZSN.ViewInvoice(flowZSN.java:240)
at sun.reflect.NativeMethodAccessorImpl.invoke0(Native Method)
at sun.reflect.NativeMethodAccessorImpl.invoke(NativeMethodAccessorImpl.java:62)
at sun.reflect.DelegatingMethodAccessorImpl.invoke(DelegatingMethodAccessorImpl.java:43)
at java.lang.reflect.Method.invoke(Method.java:498)
at org.testng.internal.MethodInvocationHelper.invokeMethod(MethodInvocationHelper.java:124)
at org.testng.internal.Invoker.invokeMethod(Invoker.java:580)
at org.testng.internal.Invoker.invokeTestMethod(Invoker.java:716)
at org.testng.internal.Invoker.invokeTestMethods(Invoker.java:988)
at org.testng.internal.TestMethodWorker.invokeTestMethods(TestMethodWorker.java:125)
at org.testng.internal.TestMethodWorker.run(TestMethodWorker.java:109)
at org.testng.TestRunner.privateRun(TestRunner.java:648)
at org.testng.TestRunner.run(TestRunner.java:505)
at org.testng.SuiteRunner.runTest(SuiteRunner.java:455)
at org.testng.SuiteRunner.runSequentially(SuiteRunner.java:450)
at org.testng.SuiteRunner.privateRun(SuiteRunner.java:415)
at org.testng.SuiteRunner.run(SuiteRunner.java:364)
at org.testng.SuiteRunnerWorker.runSuite(SuiteRunnerWorker.java:52)
at org.testng.SuiteRunnerWorker.run(SuiteRunnerWorker.java:84)
at org.testng.TestNG.runSuitesSequentially(TestNG.java:1208)
at org.testng.TestNG.runSuitesLocally(TestNG.java:1137)
at org.testng.TestNG.runSuites(TestNG.java:1049)
at org.testng.TestNG.run(TestNG.java:1017)
at org.testng.remote.AbstractRemoteTestNG.run(AbstractRemoteTestNG.java:114)
at org.testng.remote.RemoteTestNG.initAndRun(RemoteTestNG.java:251)
at org.testng.remote.RemoteTestNG.main(RemoteTestNG.java:77)
Caused by: java.lang.ClassNotFoundException: Common.CommonFunctions
at java.net.URLClassLoader.findClass(URLClassLoader.java:381)
at java.lang.ClassLoader.loadClass(ClassLoader.java:424)
at sun.misc.Launcher$AppClassLoader.loadClass(Launcher.java:331)
at java.lang.ClassLoader.loadClass(ClassLoader.java:357)
... 38 more
]]>
            </full-stacktrace>
          </exception> <!-- java.lang.NoClassDefFoundError -->
          <reporter-output>
          </reporter-output>
        </test-method> <!-- ViewInvoice -->
        <test-method status="PASS" signature="getResult(org.testng.ITestResult)[pri:0, instance:com.main.flowZSN@7a3d45bd]" name="getResult" is-config="true" duration-ms="0" started-at="2018-09-25T11:34:58Z" finished-at="2018-09-25T11:34:58Z">
          <params>
            <param index="0">
              <value>
                <![CDATA[[TestResult name=ViewInvoice status=FAILURE method=flowZSN.ViewInvoice(java.lang.String, java.lang.String, java.lang.String)[pri:3, instance:com.main.flowZSN@7a3d45bd] output={null}]]]>
              </value>
            </param>
          </params>
          <reporter-output>
          </reporter-output>
        </test-method> <!-- getResult -->
        <test-method status="PASS" signature="POInvoice()[pri:4, instance:com.main.flowZSN@7a3d45bd]" name="POInvoice" duration-ms="6709" started-at="2018-09-25T11:34:58Z" depends-on-methods="com.main.flowZSN.Login" finished-at="2018-09-25T11:35:05Z">
          <reporter-output>
            <line>
              <![CDATA[<img src="file://C:\Users\anisha.jain\git\PEGAutomation_latest\test-output\screenshot\img20180925_170505.png" alt=""/>]]>
            </line>
          </reporter-output>
        </test-method> <!-- POInvoice -->
        <test-method status="PASS" signature="getResult(org.testng.ITestResult)[pri:0, instance:com.main.flowZSN@7a3d45bd]" name="getResult" is-config="true" duration-ms="0" started-at="2018-09-25T11:35:05Z" finished-at="2018-09-25T11:35:05Z">
          <params>
            <param index="0">
              <value>
                <![CDATA[[TestResult name=POInvoice status=SUCCESS method=flowZSN.POInvoice()[pri:4, instance:com.main.flowZSN@7a3d45bd] output=<img src="file://C:\Users\anisha.jain\git\PEGAutomation_latest\test-output\screenshot\img20180925_170505.png" alt=""/>]]]>
              </value>
            </param>
          </params>
          <reporter-output>
          </reporter-output>
        </test-method> <!-- getResult -->
        <test-method status="FAIL" signature="NonPOInvoice(java.lang.String, java.lang.String, java.lang.String, java.lang.String, java.lang.String, java.lang.String, java.lang.String, java.lang.String, java.lang.String)[pri:5, instance:com.main.flowZSN@7a3d45bd]" name="NonPOInvoice" duration-ms="40399" started-at="2018-09-25T11:35:05Z" data-provider="NonPOInvoice" depends-on-methods="com.main.flowZSN.Login" finished-at="2018-09-25T11:35:46Z">
          <params>
            <param index="0">
              <value>
                <![CDATA[Pune]]>
              </value>
            </param>
            <param index="1">
              <value>
                <![CDATA[INR]]>
              </value>
            </param>
            <param index="2">
              <value>
                <![CDATA[Net12]]>
              </value>
            </param>
            <param index="3">
              <value>
                <![CDATA[GDQA_SUPPLIER]]>
              </value>
            </param>
            <param index="4">
              <value>
                <![CDATA[54809]]>
              </value>
            </param>
            <param index="5">
              <value>
                <![CDATA[test_item1]]>
              </value>
            </param>
            <param index="6">
              <value>
                <![CDATA[Materials testing]]>
              </value>
            </param>
            <param index="7">
              <value>
                <![CDATA[1000]]>
              </value>
            </param>
            <param index="8">
              <value>
                <![CDATA[60]]>
              </value>
            </param>
          </params>
          <exception class="java.lang.NoClassDefFoundError">
            <message>
              <![CDATA[Common/CommonFunctions]]>
            </message>
            <full-stacktrace>
              <![CDATA[java.lang.NoClassDefFoundError: Common/CommonFunctions
at java.lang.ClassLoader.defineClass1(Native Method)
at java.lang.ClassLoader.defineClass(ClassLoader.java:763)
at java.security.SecureClassLoader.defineClass(SecureClassLoader.java:142)
at java.net.URLClassLoader.defineClass(URLClassLoader.java:467)
at java.net.URLClassLoader.access$100(URLClassLoader.java:73)
at java.net.URLClassLoader$1.run(URLClassLoader.java:368)
at java.net.URLClassLoader$1.run(URLClassLoader.java:362)
at java.security.AccessController.doPrivileged(Native Method)
at java.net.URLClassLoader.findClass(URLClassLoader.java:361)
at java.lang.ClassLoader.loadClass(ClassLoader.java:424)
at sun.misc.Launcher$AppClassLoader.loadClass(Launcher.java:331)
at java.lang.ClassLoader.loadClass(ClassLoader.java:357)
at com.zycus.ZSN.main.createNonPOInvoice1.create_nonPOinv1(createNonPOInvoice1.java:98)
at com.main.flowZSN.NonPOInvoice(flowZSN.java:204)
at sun.reflect.NativeMethodAccessorImpl.invoke0(Native Method)
at sun.reflect.NativeMethodAccessorImpl.invoke(NativeMethodAccessorImpl.java:62)
at sun.reflect.DelegatingMethodAccessorImpl.invoke(DelegatingMethodAccessorImpl.java:43)
at java.lang.reflect.Method.invoke(Method.java:498)
at org.testng.internal.MethodInvocationHelper.invokeMethod(MethodInvocationHelper.java:124)
at org.testng.internal.Invoker.invokeMethod(Invoker.java:580)
at org.testng.internal.Invoker.invokeTestMethod(Invoker.java:716)
at org.testng.internal.Invoker.invokeTestMethods(Invoker.java:988)
at org.testng.internal.TestMethodWorker.invokeTestMethods(TestMethodWorker.java:125)
at org.testng.internal.TestMethodWorker.run(TestMethodWorker.java:109)
at org.testng.TestRunner.privateRun(TestRunner.java:648)
at org.testng.TestRunner.run(TestRunner.java:505)
at org.testng.SuiteRunner.runTest(SuiteRunner.java:455)
at org.testng.SuiteRunner.runSequentially(SuiteRunner.java:450)
at org.testng.SuiteRunner.privateRun(SuiteRunner.java:415)
at org.testng.SuiteRunner.run(SuiteRunner.java:364)
at org.testng.SuiteRunnerWorker.runSuite(SuiteRunnerWorker.java:52)
at org.testng.SuiteRunnerWorker.run(SuiteRunnerWorker.java:84)
at org.testng.TestNG.runSuitesSequentially(TestNG.java:1208)
at org.testng.TestNG.runSuitesLocally(TestNG.java:1137)
at org.testng.TestNG.runSuites(TestNG.java:1049)
at org.testng.TestNG.run(TestNG.java:1017)
at org.testng.remote.AbstractRemoteTestNG.run(AbstractRemoteTestNG.java:114)
at org.testng.remote.RemoteTestNG.initAndRun(RemoteTestNG.java:251)
at org.testng.remote.RemoteTestNG.main(RemoteTestNG.java:77)
Caused by: java.lang.ClassNotFoundException: Common.CommonFunctions
at java.net.URLClassLoader.findClass(URLClassLoader.java:381)
at java.lang.ClassLoader.loadClass(ClassLoader.java:424)
at sun.misc.Launcher$AppClassLoader.loadClass(Launcher.java:331)
at java.lang.ClassLoader.loadClass(ClassLoader.java:357)
... 39 more
]]>
            </full-stacktrace>
          </exception> <!-- java.lang.NoClassDefFoundError -->
          <reporter-output>
            <line>
              <![CDATA[<img src="file://C:\Users\anisha.jain\git\PEGAutomation_latest\test-output\screenshot\img20180925_170514.png" alt=""/>]]>
            </line>
          </reporter-output>
        </test-method> <!-- NonPOInvoice -->
        <test-method status="FAIL" signature="CreditMemoagainstPO()[pri:6, instance:com.main.flowZSN@7a3d45bd]" name="CreditMemoagainstPO" duration-ms="32086" started-at="2018-09-25T11:35:46Z" depends-on-methods="com.main.flowZSN.Login" finished-at="2018-09-25T11:36:18Z">
          <exception class="java.lang.NoClassDefFoundError">
            <message>
              <![CDATA[Common/CommonFunctions]]>
            </message>
            <full-stacktrace>
              <![CDATA[java.lang.NoClassDefFoundError: Common/CommonFunctions
at java.lang.ClassLoader.defineClass1(Native Method)
at java.lang.ClassLoader.defineClass(ClassLoader.java:763)
at java.security.SecureClassLoader.defineClass(SecureClassLoader.java:142)
at java.net.URLClassLoader.defineClass(URLClassLoader.java:467)
at java.net.URLClassLoader.access$100(URLClassLoader.java:73)
at java.net.URLClassLoader$1.run(URLClassLoader.java:368)
at java.net.URLClassLoader$1.run(URLClassLoader.java:362)
at java.security.AccessController.doPrivileged(Native Method)
at java.net.URLClassLoader.findClass(URLClassLoader.java:361)
at java.lang.ClassLoader.loadClass(ClassLoader.java:424)
at sun.misc.Launcher$AppClassLoader.loadClass(Launcher.java:331)
at java.lang.ClassLoader.loadClass(ClassLoader.java:357)
at com.zycus.ZSN.main.createCreditMemoagainstPO1.Create_new_Credit_Memo(createCreditMemoagainstPO1.java:83)
at com.main.flowZSN.CreditMemoagainstPO(flowZSN.java:116)
at sun.reflect.NativeMethodAccessorImpl.invoke0(Native Method)
at sun.reflect.NativeMethodAccessorImpl.invoke(NativeMethodAccessorImpl.java:62)
at sun.reflect.DelegatingMethodAccessorImpl.invoke(DelegatingMethodAccessorImpl.java:43)
at java.lang.reflect.Method.invoke(Method.java:498)
at org.testng.internal.MethodInvocationHelper.invokeMethod(MethodInvocationHelper.java:124)
at org.testng.internal.Invoker.invokeMethod(Invoker.java:580)
at org.testng.internal.Invoker.invokeTestMethod(Invoker.java:716)
at org.testng.internal.Invoker.invokeTestMethods(Invoker.java:988)
at org.testng.internal.TestMethodWorker.invokeTestMethods(TestMethodWorker.java:125)
at org.testng.internal.TestMethodWorker.run(TestMethodWorker.java:109)
at org.testng.TestRunner.privateRun(TestRunner.java:648)
at org.testng.TestRunner.run(TestRunner.java:505)
at org.testng.SuiteRunner.runTest(SuiteRunner.java:455)
at org.testng.SuiteRunner.runSequentially(SuiteRunner.java:450)
at org.testng.SuiteRunner.privateRun(SuiteRunner.java:415)
at org.testng.SuiteRunner.run(SuiteRunner.java:364)
at org.testng.SuiteRunnerWorker.runSuite(SuiteRunnerWorker.java:52)
at org.testng.SuiteRunnerWorker.run(SuiteRunnerWorker.java:84)
at org.testng.TestNG.runSuitesSequentially(TestNG.java:1208)
at org.testng.TestNG.runSuitesLocally(TestNG.java:1137)
at org.testng.TestNG.runSuites(TestNG.java:1049)
at org.testng.TestNG.run(TestNG.java:1017)
at org.testng.remote.AbstractRemoteTestNG.run(AbstractRemoteTestNG.java:114)
at org.testng.remote.RemoteTestNG.initAndRun(RemoteTestNG.java:251)
at org.testng.remote.RemoteTestNG.main(RemoteTestNG.java:77)
Caused by: java.lang.ClassNotFoundException: Common.CommonFunctions
at java.net.URLClassLoader.findClass(URLClassLoader.java:381)
at java.lang.ClassLoader.loadClass(ClassLoader.java:424)
at sun.misc.Launcher$AppClassLoader.loadClass(Launcher.java:331)
at java.lang.ClassLoader.loadClass(ClassLoader.java:357)
... 39 more
]]>
            </full-stacktrace>
          </exception> <!-- java.lang.NoClassDefFoundError -->
          <reporter-output>
            <line>
              <![CDATA[<img src="file://C:\Users\anisha.jain\git\PEGAutomation_latest\test-output\screenshot\img20180925_170553.png" alt=""/>]]>
            </line>
          </reporter-output>
        </test-method> <!-- CreditMemoagainstPO -->
        <test-method status="PASS" signature="getResult(org.testng.ITestResult)[pri:0, instance:com.main.flowZSN@7a3d45bd]" name="getResult" is-config="true" duration-ms="0" started-at="2018-09-25T11:35:46Z" finished-at="2018-09-25T11:35:46Z">
          <params>
            <param index="0">
              <value>
                <![CDATA[[TestResult name=NonPOInvoice status=FAILURE method=flowZSN.NonPOInvoice(java.lang.String, java.lang.String, java.lang.String, java.lang.String, java.lang.String, java.lang.String, java.lang.String, java.lang.String, java.lang.String)[pri:5, instance:com.main.flowZSN@7a3d45bd] output=<img src="file://C:\Users\anisha.jain\git\PEGAutomation_latest\test-output\screenshot\img20180925_170514.png" alt=""/>]]]>
              </value>
            </param>
          </params>
          <reporter-output>
          </reporter-output>
        </test-method> <!-- getResult -->
        <test-method status="PASS" signature="getResult(org.testng.ITestResult)[pri:0, instance:com.main.flowZSN@7a3d45bd]" name="getResult" is-config="true" duration-ms="0" started-at="2018-09-25T11:36:18Z" finished-at="2018-09-25T11:36:18Z">
          <params>
            <param index="0">
              <value>
                <![CDATA[[TestResult name=CreditMemoagainstPO status=FAILURE method=flowZSN.CreditMemoagainstPO()[pri:6, instance:com.main.flowZSN@7a3d45bd] output=<img src="file://C:\Users\anisha.jain\git\PEGAutomation_latest\test-output\screenshot\img20180925_170553.png" alt=""/>]]]>
              </value>
            </param>
          </params>
          <reporter-output>
          </reporter-output>
        </test-method> <!-- getResult -->
        <test-method status="FAIL" signature="CreditMemowithoutreference(java.lang.String, java.lang.String, java.lang.String, java.lang.String, java.lang.String, java.lang.String, java.lang.String)[pri:7, instance:com.main.flowZSN@7a3d45bd]" name="CreditMemowithoutreference" duration-ms="26755" started-at="2018-09-25T11:36:18Z" data-provider="CreditMemowithoutReference" depends-on-methods="com.main.flowZSN.Login" finished-at="2018-09-25T11:36:44Z">
          <params>
            <param index="0">
              <value>
                <![CDATA[INR]]>
              </value>
            </param>
            <param index="1">
              <value>
                <![CDATA[GDQA_SUPPLIER]]>
              </value>
            </param>
            <param index="2">
              <value>
                <![CDATA[54809]]>
              </value>
            </param>
            <param index="3">
              <value>
                <![CDATA[test_item1]]>
              </value>
            </param>
            <param index="4">
              <value>
                <![CDATA[Materials testing]]>
              </value>
            </param>
            <param index="5">
              <value>
                <![CDATA[1000]]>
              </value>
            </param>
            <param index="6">
              <value>
                <![CDATA[60]]>
              </value>
            </param>
          </params>
          <exception class="java.lang.NoClassDefFoundError">
            <message>
              <![CDATA[Common/CommonFunctions]]>
            </message>
            <full-stacktrace>
              <![CDATA[java.lang.NoClassDefFoundError: Common/CommonFunctions
at java.lang.ClassLoader.defineClass1(Native Method)
at java.lang.ClassLoader.defineClass(ClassLoader.java:763)
at java.security.SecureClassLoader.defineClass(SecureClassLoader.java:142)
at java.net.URLClassLoader.defineClass(URLClassLoader.java:467)
at java.net.URLClassLoader.access$100(URLClassLoader.java:73)
at java.net.URLClassLoader$1.run(URLClassLoader.java:368)
at java.net.URLClassLoader$1.run(URLClassLoader.java:362)
at java.security.AccessController.doPrivileged(Native Method)
at java.net.URLClassLoader.findClass(URLClassLoader.java:361)
at java.lang.ClassLoader.loadClass(ClassLoader.java:424)
at sun.misc.Launcher$AppClassLoader.loadClass(Launcher.java:331)
at java.lang.ClassLoader.loadClass(ClassLoader.java:357)
at com.zycus.ZSN.main.createCreditMemowithoutReference1.Create_new_Credit_Memo(createCreditMemowithoutReference1.java:84)
at com.main.flowZSN.CreditMemowithoutreference(flowZSN.java:262)
at sun.reflect.NativeMethodAccessorImpl.invoke0(Native Method)
at sun.reflect.NativeMethodAccessorImpl.invoke(NativeMethodAccessorImpl.java:62)
at sun.reflect.DelegatingMethodAccessorImpl.invoke(DelegatingMethodAccessorImpl.java:43)
at java.lang.reflect.Method.invoke(Method.java:498)
at org.testng.internal.MethodInvocationHelper.invokeMethod(MethodInvocationHelper.java:124)
at org.testng.internal.Invoker.invokeMethod(Invoker.java:580)
at org.testng.internal.Invoker.invokeTestMethod(Invoker.java:716)
at org.testng.internal.Invoker.invokeTestMethods(Invoker.java:988)
at org.testng.internal.TestMethodWorker.invokeTestMethods(TestMethodWorker.java:125)
at org.testng.internal.TestMethodWorker.run(TestMethodWorker.java:109)
at org.testng.TestRunner.privateRun(TestRunner.java:648)
at org.testng.TestRunner.run(TestRunner.java:505)
at org.testng.SuiteRunner.runTest(SuiteRunner.java:455)
at org.testng.SuiteRunner.runSequentially(SuiteRunner.java:450)
at org.testng.SuiteRunner.privateRun(SuiteRunner.java:415)
at org.testng.SuiteRunner.run(SuiteRunner.java:364)
at org.testng.SuiteRunnerWorker.runSuite(SuiteRunnerWorker.java:52)
at org.testng.SuiteRunnerWorker.run(SuiteRunnerWorker.java:84)
at org.testng.TestNG.runSuitesSequentially(TestNG.java:1208)
at org.testng.TestNG.runSuitesLocally(TestNG.java:1137)
at org.testng.TestNG.runSuites(TestNG.java:1049)
at org.testng.TestNG.run(TestNG.java:1017)
at org.testng.remote.AbstractRemoteTestNG.run(AbstractRemoteTestNG.java:114)
at org.testng.remote.RemoteTestNG.initAndRun(RemoteTestNG.java:251)
at org.testng.remote.RemoteTestNG.main(RemoteTestNG.java:77)
Caused by: java.lang.ClassNotFoundException: Common.CommonFunctions
at java.net.URLClassLoader.findClass(URLClassLoader.java:381)
at java.lang.ClassLoader.loadClass(ClassLoader.java:424)
at sun.misc.Launcher$AppClassLoader.loadClass(Launcher.java:331)
at java.lang.ClassLoader.loadClass(ClassLoader.java:357)
... 39 more
]]>
            </full-stacktrace>
          </exception> <!-- java.lang.NoClassDefFoundError -->
          <reporter-output>
            <line>
              <![CDATA[<img src="file://C:\Users\anisha.jain\git\PEGAutomation_latest\test-output\screenshot\img20180925_170625.png" alt=""/>]]>
            </line>
            <line>
              <![CDATA[<img src="file://C:\Users\anisha.jain\git\PEGAutomation_latest\test-output\screenshot\img20180925_170632.png" alt=""/>]]>
            </line>
            <line>
              <![CDATA[<img src="file://C:\Users\anisha.jain\git\PEGAutomation_latest\test-output\screenshot\img20180925_170639.png" alt=""/>]]>
            </line>
            <line>
              <![CDATA[<img src="file://C:\Users\anisha.jain\git\PEGAutomation_latest\test-output\screenshot\img20180925_170640.png" alt=""/>]]>
            </line>
          </reporter-output>
        </test-method> <!-- CreditMemowithoutreference -->
        <test-method status="PASS" signature="getResult(org.testng.ITestResult)[pri:0, instance:com.main.flowZSN@7a3d45bd]" name="getResult" is-config="true" duration-ms="0" started-at="2018-09-25T11:36:44Z" finished-at="2018-09-25T11:36:44Z">
          <params>
            <param index="0">
              <value>
                <![CDATA[[TestResult name=CreditMemowithoutreference status=FAILURE method=flowZSN.CreditMemowithoutreference(java.lang.String, java.lang.String, java.lang.String, java.lang.String, java.lang.String, java.lang.String, java.lang.String)[pri:7, instance:com.main.flowZSN@7a3d45bd] output=<img src="file://C:\Users\anisha.jain\git\PEGAutomation_latest\test-output\screenshot\img20180925_170625.png" alt=""/>]]]>
              </value>
            </param>
          </params>
          <reporter-output>
          </reporter-output>
        </test-method> <!-- getResult -->
        <test-method status="FAIL" signature="Uploads_POInvoice()[pri:8, instance:com.main.flowZSN@7a3d45bd]" name="Uploads_POInvoice" duration-ms="3803" started-at="2018-09-25T11:36:44Z" depends-on-methods="com.main.flowZSN.Login" finished-at="2018-09-25T11:36:48Z">
          <exception class="java.lang.Exception">
            <full-stacktrace>
              <![CDATA[java.lang.Exception
at Framework.CommonUtitlity.click(CommonUtitlity.java:76)
at com.zycus.ZSN.main.UploadsNew.upload_file(UploadsNew.java:38)
at com.main.flowZSN.Uploads_POInvoice(flowZSN.java:163)
at sun.reflect.NativeMethodAccessorImpl.invoke0(Native Method)
at sun.reflect.NativeMethodAccessorImpl.invoke(NativeMethodAccessorImpl.java:62)
at sun.reflect.DelegatingMethodAccessorImpl.invoke(DelegatingMethodAccessorImpl.java:43)
at java.lang.reflect.Method.invoke(Method.java:498)
at org.testng.internal.MethodInvocationHelper.invokeMethod(MethodInvocationHelper.java:124)
at org.testng.internal.Invoker.invokeMethod(Invoker.java:580)
at org.testng.internal.Invoker.invokeTestMethod(Invoker.java:716)
at org.testng.internal.Invoker.invokeTestMethods(Invoker.java:988)
at org.testng.internal.TestMethodWorker.invokeTestMethods(TestMethodWorker.java:125)
at org.testng.internal.TestMethodWorker.run(TestMethodWorker.java:109)
at org.testng.TestRunner.privateRun(TestRunner.java:648)
at org.testng.TestRunner.run(TestRunner.java:505)
at org.testng.SuiteRunner.runTest(SuiteRunner.java:455)
at org.testng.SuiteRunner.runSequentially(SuiteRunner.java:450)
at org.testng.SuiteRunner.privateRun(SuiteRunner.java:415)
at org.testng.SuiteRunner.run(SuiteRunner.java:364)
at org.testng.SuiteRunnerWorker.runSuite(SuiteRunnerWorker.java:52)
at org.testng.SuiteRunnerWorker.run(SuiteRunnerWorker.java:84)
at org.testng.TestNG.runSuitesSequentially(TestNG.java:1208)
at org.testng.TestNG.runSuitesLocally(TestNG.java:1137)
at org.testng.TestNG.runSuites(TestNG.java:1049)
at org.testng.TestNG.run(TestNG.java:1017)
at org.testng.remote.AbstractRemoteTestNG.run(AbstractRemoteTestNG.java:114)
at org.testng.remote.RemoteTestNG.initAndRun(RemoteTestNG.java:251)
at org.testng.remote.RemoteTestNG.main(RemoteTestNG.java:77)
]]>
            </full-stacktrace>
          </exception> <!-- java.lang.Exception -->
          <reporter-output>
            <line>
              <![CDATA[<img src="file://C:\Users\anisha.jain\git\PEGAutomation_latest\test-output\screenshot\img20180925_170648.png" alt=""/>]]>
            </line>
            <line>
              <![CDATA[<img src="file://C:\Users\anisha.jain\git\PEGAutomation_latest\test-output\screenshot\img20180925_170648.png" alt=""/>]]>
            </line>
          </reporter-output>
        </test-method> <!-- Uploads_POInvoice -->
        <test-method status="PASS" signature="getResult(org.testng.ITestResult)[pri:0, instance:com.main.flowZSN@7a3d45bd]" name="getResult" is-config="true" duration-ms="0" started-at="2018-09-25T11:36:48Z" finished-at="2018-09-25T11:36:48Z">
          <params>
            <param index="0">
              <value>
                <![CDATA[[TestResult name=Uploads_POInvoice status=FAILURE method=flowZSN.Uploads_POInvoice()[pri:8, instance:com.main.flowZSN@7a3d45bd] output=<img src="file://C:\Users\anisha.jain\git\PEGAutomation_latest\test-output\screenshot\img20180925_170648.png" alt=""/>]]]>
              </value>
            </param>
          </params>
          <reporter-output>
          </reporter-output>
        </test-method> <!-- getResult -->
        <test-method status="FAIL" signature="Uploads_NonPOInvoice(java.lang.String, java.lang.String, java.lang.String, java.lang.String, java.lang.String, java.lang.String, java.lang.String, java.lang.String, java.lang.String)[pri:9, instance:com.main.flowZSN@7a3d45bd]" name="Uploads_NonPOInvoice" duration-ms="3793" started-at="2018-09-25T11:36:48Z" data-provider="NonPOInvoice" depends-on-methods="com.main.flowZSN.Login" finished-at="2018-09-25T11:36:52Z">
          <params>
            <param index="0">
              <value>
                <![CDATA[Pune]]>
              </value>
            </param>
            <param index="1">
              <value>
                <![CDATA[INR]]>
              </value>
            </param>
            <param index="2">
              <value>
                <![CDATA[Net12]]>
              </value>
            </param>
            <param index="3">
              <value>
                <![CDATA[GDQA_SUPPLIER]]>
              </value>
            </param>
            <param index="4">
              <value>
                <![CDATA[54809]]>
              </value>
            </param>
            <param index="5">
              <value>
                <![CDATA[test_item1]]>
              </value>
            </param>
            <param index="6">
              <value>
                <![CDATA[Materials testing]]>
              </value>
            </param>
            <param index="7">
              <value>
                <![CDATA[1000]]>
              </value>
            </param>
            <param index="8">
              <value>
                <![CDATA[60]]>
              </value>
            </param>
          </params>
          <exception class="java.lang.Exception">
            <full-stacktrace>
              <![CDATA[java.lang.Exception
at Framework.CommonUtitlity.click(CommonUtitlity.java:76)
at com.zycus.ZSN.main.UploadsNew.upload_file(UploadsNew.java:38)
at com.main.flowZSN.Uploads_NonPOInvoice(flowZSN.java:215)
at sun.reflect.NativeMethodAccessorImpl.invoke0(Native Method)
at sun.reflect.NativeMethodAccessorImpl.invoke(NativeMethodAccessorImpl.java:62)
at sun.reflect.DelegatingMethodAccessorImpl.invoke(DelegatingMethodAccessorImpl.java:43)
at java.lang.reflect.Method.invoke(Method.java:498)
at org.testng.internal.MethodInvocationHelper.invokeMethod(MethodInvocationHelper.java:124)
at org.testng.internal.Invoker.invokeMethod(Invoker.java:580)
at org.testng.internal.Invoker.invokeTestMethod(Invoker.java:716)
at org.testng.internal.Invoker.invokeTestMethods(Invoker.java:988)
at org.testng.internal.TestMethodWorker.invokeTestMethods(TestMethodWorker.java:125)
at org.testng.internal.TestMethodWorker.run(TestMethodWorker.java:109)
at org.testng.TestRunner.privateRun(TestRunner.java:648)
at org.testng.TestRunner.run(TestRunner.java:505)
at org.testng.SuiteRunner.runTest(SuiteRunner.java:455)
at org.testng.SuiteRunner.runSequentially(SuiteRunner.java:450)
at org.testng.SuiteRunner.privateRun(SuiteRunner.java:415)
at org.testng.SuiteRunner.run(SuiteRunner.java:364)
at org.testng.SuiteRunnerWorker.runSuite(SuiteRunnerWorker.java:52)
at org.testng.SuiteRunnerWorker.run(SuiteRunnerWorker.java:84)
at org.testng.TestNG.runSuitesSequentially(TestNG.java:1208)
at org.testng.TestNG.runSuitesLocally(TestNG.java:1137)
at org.testng.TestNG.runSuites(TestNG.java:1049)
at org.testng.TestNG.run(TestNG.java:1017)
at org.testng.remote.AbstractRemoteTestNG.run(AbstractRemoteTestNG.java:114)
at org.testng.remote.RemoteTestNG.initAndRun(RemoteTestNG.java:251)
at org.testng.remote.RemoteTestNG.main(RemoteTestNG.java:77)
]]>
            </full-stacktrace>
          </exception> <!-- java.lang.Exception -->
          <reporter-output>
            <line>
              <![CDATA[<img src="file://C:\Users\anisha.jain\git\PEGAutomation_latest\test-output\screenshot\img20180925_170652.png" alt=""/>]]>
            </line>
            <line>
              <![CDATA[<img src="file://C:\Users\anisha.jain\git\PEGAutomation_latest\test-output\screenshot\img20180925_170652.png" alt=""/>]]>
            </line>
          </reporter-output>
        </test-method> <!-- Uploads_NonPOInvoice -->
        <test-method status="PASS" signature="getResult(org.testng.ITestResult)[pri:0, instance:com.main.flowZSN@7a3d45bd]" name="getResult" is-config="true" duration-ms="0" started-at="2018-09-25T11:36:52Z" finished-at="2018-09-25T11:36:52Z">
          <params>
            <param index="0">
              <value>
                <![CDATA[[TestResult name=Uploads_NonPOInvoice status=FAILURE method=flowZSN.Uploads_NonPOInvoice(java.lang.String, java.lang.String, java.lang.String, java.lang.String, java.lang.String, java.lang.String, java.lang.String, java.lang.String, java.lang.String)[pri:9, instance:com.main.flowZSN@7a3d45bd] output=<img src="file://C:\Users\anisha.jain\git\PEGAutomation_latest\test-output\screenshot\img20180925_170652.png" alt=""/>]]]>
              </value>
            </param>
          </params>
          <reporter-output>
          </reporter-output>
        </test-method> <!-- getResult -->
        <test-method status="FAIL" signature="Uploads_CreditMemoagainstPO()[pri:10, instance:com.main.flowZSN@7a3d45bd]" name="Uploads_CreditMemoagainstPO" duration-ms="3799" started-at="2018-09-25T11:36:52Z" depends-on-methods="com.main.flowZSN.Login" finished-at="2018-09-25T11:36:56Z">
          <exception class="java.lang.Exception">
            <full-stacktrace>
              <![CDATA[java.lang.Exception
at Framework.CommonUtitlity.click(CommonUtitlity.java:76)
at com.zycus.ZSN.main.UploadsNew.upload_file(UploadsNew.java:38)
at com.main.flowZSN.Uploads_CreditMemoagainstPO(flowZSN.java:135)
at sun.reflect.NativeMethodAccessorImpl.invoke0(Native Method)
at sun.reflect.NativeMethodAccessorImpl.invoke(NativeMethodAccessorImpl.java:62)
at sun.reflect.DelegatingMethodAccessorImpl.invoke(DelegatingMethodAccessorImpl.java:43)
at java.lang.reflect.Method.invoke(Method.java:498)
at org.testng.internal.MethodInvocationHelper.invokeMethod(MethodInvocationHelper.java:124)
at org.testng.internal.Invoker.invokeMethod(Invoker.java:580)
at org.testng.internal.Invoker.invokeTestMethod(Invoker.java:716)
at org.testng.internal.Invoker.invokeTestMethods(Invoker.java:988)
at org.testng.internal.TestMethodWorker.invokeTestMethods(TestMethodWorker.java:125)
at org.testng.internal.TestMethodWorker.run(TestMethodWorker.java:109)
at org.testng.TestRunner.privateRun(TestRunner.java:648)
at org.testng.TestRunner.run(TestRunner.java:505)
at org.testng.SuiteRunner.runTest(SuiteRunner.java:455)
at org.testng.SuiteRunner.runSequentially(SuiteRunner.java:450)
at org.testng.SuiteRunner.privateRun(SuiteRunner.java:415)
at org.testng.SuiteRunner.run(SuiteRunner.java:364)
at org.testng.SuiteRunnerWorker.runSuite(SuiteRunnerWorker.java:52)
at org.testng.SuiteRunnerWorker.run(SuiteRunnerWorker.java:84)
at org.testng.TestNG.runSuitesSequentially(TestNG.java:1208)
at org.testng.TestNG.runSuitesLocally(TestNG.java:1137)
at org.testng.TestNG.runSuites(TestNG.java:1049)
at org.testng.TestNG.run(TestNG.java:1017)
at org.testng.remote.AbstractRemoteTestNG.run(AbstractRemoteTestNG.java:114)
at org.testng.remote.RemoteTestNG.initAndRun(RemoteTestNG.java:251)
at org.testng.remote.RemoteTestNG.main(RemoteTestNG.java:77)
]]>
            </full-stacktrace>
          </exception> <!-- java.lang.Exception -->
          <reporter-output>
            <line>
              <![CDATA[<img src="file://C:\Users\anisha.jain\git\PEGAutomation_latest\test-output\screenshot\img20180925_170656.png" alt=""/>]]>
            </line>
            <line>
              <![CDATA[<img src="file://C:\Users\anisha.jain\git\PEGAutomation_latest\test-output\screenshot\img20180925_170656.png" alt=""/>]]>
            </line>
          </reporter-output>
        </test-method> <!-- Uploads_CreditMemoagainstPO -->
        <test-method status="PASS" signature="getResult(org.testng.ITestResult)[pri:0, instance:com.main.flowZSN@7a3d45bd]" name="getResult" is-config="true" duration-ms="1" started-at="2018-09-25T11:36:56Z" finished-at="2018-09-25T11:36:56Z">
          <params>
            <param index="0">
              <value>
                <![CDATA[[TestResult name=Uploads_CreditMemoagainstPO status=FAILURE method=flowZSN.Uploads_CreditMemoagainstPO()[pri:10, instance:com.main.flowZSN@7a3d45bd] output=<img src="file://C:\Users\anisha.jain\git\PEGAutomation_latest\test-output\screenshot\img20180925_170656.png" alt=""/>]]]>
              </value>
            </param>
          </params>
          <reporter-output>
          </reporter-output>
        </test-method> <!-- getResult -->
        <test-method status="FAIL" signature="Uploads_CreditMemowithoutreference(java.lang.String, java.lang.String, java.lang.String, java.lang.String, java.lang.String, java.lang.String, java.lang.String)[pri:11, instance:com.main.flowZSN@7a3d45bd]" name="Uploads_CreditMemowithoutreference" duration-ms="3793" started-at="2018-09-25T11:36:56Z" data-provider="CreditMemowithoutReference" depends-on-methods="com.main.flowZSN.Login" finished-at="2018-09-25T11:37:00Z">
          <params>
            <param index="0">
              <value>
                <![CDATA[INR]]>
              </value>
            </param>
            <param index="1">
              <value>
                <![CDATA[GDQA_SUPPLIER]]>
              </value>
            </param>
            <param index="2">
              <value>
                <![CDATA[54809]]>
              </value>
            </param>
            <param index="3">
              <value>
                <![CDATA[test_item1]]>
              </value>
            </param>
            <param index="4">
              <value>
                <![CDATA[Materials testing]]>
              </value>
            </param>
            <param index="5">
              <value>
                <![CDATA[1000]]>
              </value>
            </param>
            <param index="6">
              <value>
                <![CDATA[60]]>
              </value>
            </param>
          </params>
          <exception class="java.lang.Exception">
            <full-stacktrace>
              <![CDATA[java.lang.Exception
at Framework.CommonUtitlity.click(CommonUtitlity.java:76)
at com.zycus.ZSN.main.UploadsNew.upload_file(UploadsNew.java:38)
at com.main.flowZSN.Uploads_CreditMemowithoutreference(flowZSN.java:273)
at sun.reflect.NativeMethodAccessorImpl.invoke0(Native Method)
at sun.reflect.NativeMethodAccessorImpl.invoke(NativeMethodAccessorImpl.java:62)
at sun.reflect.DelegatingMethodAccessorImpl.invoke(DelegatingMethodAccessorImpl.java:43)
at java.lang.reflect.Method.invoke(Method.java:498)
at org.testng.internal.MethodInvocationHelper.invokeMethod(MethodInvocationHelper.java:124)
at org.testng.internal.Invoker.invokeMethod(Invoker.java:580)
at org.testng.internal.Invoker.invokeTestMethod(Invoker.java:716)
at org.testng.internal.Invoker.invokeTestMethods(Invoker.java:988)
at org.testng.internal.TestMethodWorker.invokeTestMethods(TestMethodWorker.java:125)
at org.testng.internal.TestMethodWorker.run(TestMethodWorker.java:109)
at org.testng.TestRunner.privateRun(TestRunner.java:648)
at org.testng.TestRunner.run(TestRunner.java:505)
at org.testng.SuiteRunner.runTest(SuiteRunner.java:455)
at org.testng.SuiteRunner.runSequentially(SuiteRunner.java:450)
at org.testng.SuiteRunner.privateRun(SuiteRunner.java:415)
at org.testng.SuiteRunner.run(SuiteRunner.java:364)
at org.testng.SuiteRunnerWorker.runSuite(SuiteRunnerWorker.java:52)
at org.testng.SuiteRunnerWorker.run(SuiteRunnerWorker.java:84)
at org.testng.TestNG.runSuitesSequentially(TestNG.java:1208)
at org.testng.TestNG.runSuitesLocally(TestNG.java:1137)
at org.testng.TestNG.runSuites(TestNG.java:1049)
at org.testng.TestNG.run(TestNG.java:1017)
at org.testng.remote.AbstractRemoteTestNG.run(AbstractRemoteTestNG.java:114)
at org.testng.remote.RemoteTestNG.initAndRun(RemoteTestNG.java:251)
at org.testng.remote.RemoteTestNG.main(RemoteTestNG.java:77)
]]>
            </full-stacktrace>
          </exception> <!-- java.lang.Exception -->
          <reporter-output>
            <line>
              <![CDATA[<img src="file://C:\Users\anisha.jain\git\PEGAutomation_latest\test-output\screenshot\img20180925_170659.png" alt=""/>]]>
            </line>
            <line>
              <![CDATA[<img src="file://C:\Users\anisha.jain\git\PEGAutomation_latest\test-output\screenshot\img20180925_170700.png" alt=""/>]]>
            </line>
          </reporter-output>
        </test-method> <!-- Uploads_CreditMemowithoutreference -->
        <test-method status="PASS" signature="getResult(org.testng.ITestResult)[pri:0, instance:com.main.flowZSN@7a3d45bd]" name="getResult" is-config="true" duration-ms="0" started-at="2018-09-25T11:37:00Z" finished-at="2018-09-25T11:37:00Z">
          <params>
            <param index="0">
              <value>
                <![CDATA[[TestResult name=Uploads_CreditMemowithoutreference status=FAILURE method=flowZSN.Uploads_CreditMemowithoutreference(java.lang.String, java.lang.String, java.lang.String, java.lang.String, java.lang.String, java.lang.String, java.lang.String)[pri:11, instance:com.main.flowZSN@7a3d45bd] output=<img src="file://C:\Users\anisha.jain\git\PEGAutomation_latest\test-output\screenshot\img20180925_170659.png" alt=""/>]]]>
              </value>
            </param>
          </params>
          <reporter-output>
          </reporter-output>
        </test-method> <!-- getResult -->
        <test-method status="FAIL" signature="Invoice_againstBPO()[pri:12, instance:com.main.flowZSN@7a3d45bd]" name="Invoice_againstBPO" duration-ms="3501" started-at="2018-09-25T11:37:00Z" depends-on-methods="com.main.flowZSN.Login" finished-at="2018-09-25T11:37:03Z">
          <exception class="java.lang.NoClassDefFoundError">
            <message>
              <![CDATA[Common/CommonFunctions]]>
            </message>
            <full-stacktrace>
              <![CDATA[java.lang.NoClassDefFoundError: Common/CommonFunctions
at java.lang.ClassLoader.defineClass1(Native Method)
at java.lang.ClassLoader.defineClass(ClassLoader.java:763)
at java.security.SecureClassLoader.defineClass(SecureClassLoader.java:142)
at java.net.URLClassLoader.defineClass(URLClassLoader.java:467)
at java.net.URLClassLoader.access$100(URLClassLoader.java:73)
at java.net.URLClassLoader$1.run(URLClassLoader.java:368)
at java.net.URLClassLoader$1.run(URLClassLoader.java:362)
at java.security.AccessController.doPrivileged(Native Method)
at java.net.URLClassLoader.findClass(URLClassLoader.java:361)
at java.lang.ClassLoader.loadClass(ClassLoader.java:424)
at sun.misc.Launcher$AppClassLoader.loadClass(Launcher.java:331)
at java.lang.ClassLoader.loadClass(ClassLoader.java:357)
at com.main.flowZSN.Invoice_againstBPO(flowZSN.java:230)
at sun.reflect.NativeMethodAccessorImpl.invoke0(Native Method)
at sun.reflect.NativeMethodAccessorImpl.invoke(NativeMethodAccessorImpl.java:62)
at sun.reflect.DelegatingMethodAccessorImpl.invoke(DelegatingMethodAccessorImpl.java:43)
at java.lang.reflect.Method.invoke(Method.java:498)
at org.testng.internal.MethodInvocationHelper.invokeMethod(MethodInvocationHelper.java:124)
at org.testng.internal.Invoker.invokeMethod(Invoker.java:580)
at org.testng.internal.Invoker.invokeTestMethod(Invoker.java:716)
at org.testng.internal.Invoker.invokeTestMethods(Invoker.java:988)
at org.testng.internal.TestMethodWorker.invokeTestMethods(TestMethodWorker.java:125)
at org.testng.internal.TestMethodWorker.run(TestMethodWorker.java:109)
at org.testng.TestRunner.privateRun(TestRunner.java:648)
at org.testng.TestRunner.run(TestRunner.java:505)
at org.testng.SuiteRunner.runTest(SuiteRunner.java:455)
at org.testng.SuiteRunner.runSequentially(SuiteRunner.java:450)
at org.testng.SuiteRunner.privateRun(SuiteRunner.java:415)
at org.testng.SuiteRunner.run(SuiteRunner.java:364)
at org.testng.SuiteRunnerWorker.runSuite(SuiteRunnerWorker.java:52)
at org.testng.SuiteRunnerWorker.run(SuiteRunnerWorker.java:84)
at org.testng.TestNG.runSuitesSequentially(TestNG.java:1208)
at org.testng.TestNG.runSuitesLocally(TestNG.java:1137)
at org.testng.TestNG.runSuites(TestNG.java:1049)
at org.testng.TestNG.run(TestNG.java:1017)
at org.testng.remote.AbstractRemoteTestNG.run(AbstractRemoteTestNG.java:114)
at org.testng.remote.RemoteTestNG.initAndRun(RemoteTestNG.java:251)
at org.testng.remote.RemoteTestNG.main(RemoteTestNG.java:77)
Caused by: java.lang.ClassNotFoundException: Common.CommonFunctions
at java.net.URLClassLoader.findClass(URLClassLoader.java:381)
at java.lang.ClassLoader.loadClass(ClassLoader.java:424)
at sun.misc.Launcher$AppClassLoader.loadClass(Launcher.java:331)
at java.lang.ClassLoader.loadClass(ClassLoader.java:357)
... 38 more
]]>
            </full-stacktrace>
          </exception> <!-- java.lang.NoClassDefFoundError -->
          <reporter-output>
            <line>
              <![CDATA[<img src="file://C:\Users\anisha.jain\git\PEGAutomation_latest\test-output\screenshot\img20180925_170703.png" alt=""/>]]>
            </line>
          </reporter-output>
        </test-method> <!-- Invoice_againstBPO -->
        <test-method status="PASS" signature="getResult(org.testng.ITestResult)[pri:0, instance:com.main.flowZSN@7a3d45bd]" name="getResult" is-config="true" duration-ms="0" started-at="2018-09-25T11:37:03Z" finished-at="2018-09-25T11:37:03Z">
          <params>
            <param index="0">
              <value>
                <![CDATA[[TestResult name=Invoice_againstBPO status=FAILURE method=flowZSN.Invoice_againstBPO()[pri:12, instance:com.main.flowZSN@7a3d45bd] output=<img src="file://C:\Users\anisha.jain\git\PEGAutomation_latest\test-output\screenshot\img20180925_170703.png" alt=""/>]]]>
              </value>
            </param>
          </params>
          <reporter-output>
          </reporter-output>
        </test-method> <!-- getResult -->
        <test-method status="FAIL" signature="Reference()[pri:13, instance:com.main.flowZSN@7a3d45bd]" name="Reference" duration-ms="2" started-at="2018-09-25T11:37:03Z" depends-on-methods="com.main.flowZSN.Login" finished-at="2018-09-25T11:37:03Z">
          <exception class="java.lang.NoClassDefFoundError">
            <message>
              <![CDATA[Common/CommonFunctions]]>
            </message>
            <full-stacktrace>
              <![CDATA[java.lang.NoClassDefFoundError: Common/CommonFunctions
at java.lang.ClassLoader.defineClass1(Native Method)
at java.lang.ClassLoader.defineClass(ClassLoader.java:763)
at java.security.SecureClassLoader.defineClass(SecureClassLoader.java:142)
at java.net.URLClassLoader.defineClass(URLClassLoader.java:467)
at java.net.URLClassLoader.access$100(URLClassLoader.java:73)
at java.net.URLClassLoader$1.run(URLClassLoader.java:368)
at java.net.URLClassLoader$1.run(URLClassLoader.java:362)
at java.security.AccessController.doPrivileged(Native Method)
at java.net.URLClassLoader.findClass(URLClassLoader.java:361)
at java.lang.ClassLoader.loadClass(ClassLoader.java:424)
at sun.misc.Launcher$AppClassLoader.loadClass(Launcher.java:331)
at java.lang.ClassLoader.loadClass(ClassLoader.java:357)
at com.main.flowZSN.Reference(flowZSN.java:125)
at sun.reflect.NativeMethodAccessorImpl.invoke0(Native Method)
at sun.reflect.NativeMethodAccessorImpl.invoke(NativeMethodAccessorImpl.java:62)
at sun.reflect.DelegatingMethodAccessorImpl.invoke(DelegatingMethodAccessorImpl.java:43)
at java.lang.reflect.Method.invoke(Method.java:498)
at org.testng.internal.MethodInvocationHelper.invokeMethod(MethodInvocationHelper.java:124)
at org.testng.internal.Invoker.invokeMethod(Invoker.java:580)
at org.testng.internal.Invoker.invokeTestMethod(Invoker.java:716)
at org.testng.internal.Invoker.invokeTestMethods(Invoker.java:988)
at org.testng.internal.TestMethodWorker.invokeTestMethods(TestMethodWorker.java:125)
at org.testng.internal.TestMethodWorker.run(TestMethodWorker.java:109)
at org.testng.TestRunner.privateRun(TestRunner.java:648)
at org.testng.TestRunner.run(TestRunner.java:505)
at org.testng.SuiteRunner.runTest(SuiteRunner.java:455)
at org.testng.SuiteRunner.runSequentially(SuiteRunner.java:450)
at org.testng.SuiteRunner.privateRun(SuiteRunner.java:415)
at org.testng.SuiteRunner.run(SuiteRunner.java:364)
at org.testng.SuiteRunnerWorker.runSuite(SuiteRunnerWorker.java:52)
at org.testng.SuiteRunnerWorker.run(SuiteRunnerWorker.java:84)
at org.testng.TestNG.runSuitesSequentially(TestNG.java:1208)
at org.testng.TestNG.runSuitesLocally(TestNG.java:1137)
at org.testng.TestNG.runSuites(TestNG.java:1049)
at org.testng.TestNG.run(TestNG.java:1017)
at org.testng.remote.AbstractRemoteTestNG.run(AbstractRemoteTestNG.java:114)
at org.testng.remote.RemoteTestNG.initAndRun(RemoteTestNG.java:251)
at org.testng.remote.RemoteTestNG.main(RemoteTestNG.java:77)
Caused by: java.lang.ClassNotFoundException: Common.CommonFunctions
at java.net.URLClassLoader.findClass(URLClassLoader.java:381)
at java.lang.ClassLoader.loadClass(ClassLoader.java:424)
at sun.misc.Launcher$AppClassLoader.loadClass(Launcher.java:331)
at java.lang.ClassLoader.loadClass(ClassLoader.java:357)
... 38 more
]]>
            </full-stacktrace>
          </exception> <!-- java.lang.NoClassDefFoundError -->
          <reporter-output>
          </reporter-output>
        </test-method> <!-- Reference -->
        <test-method status="PASS" signature="getResult(org.testng.ITestResult)[pri:0, instance:com.main.flowZSN@7a3d45bd]" name="getResult" is-config="true" duration-ms="0" started-at="2018-09-25T11:37:03Z" finished-at="2018-09-25T11:37:03Z">
          <params>
            <param index="0">
              <value>
                <![CDATA[[TestResult name=Reference status=FAILURE method=flowZSN.Reference()[pri:13, instance:com.main.flowZSN@7a3d45bd] output={null}]]]>
              </value>
            </param>
          </params>
          <reporter-output>
          </reporter-output>
        </test-method> <!-- getResult -->
        <test-method status="FAIL" signature="Catalog(java.lang.String, java.lang.String, java.lang.String, java.lang.String, java.lang.String)[pri:14, instance:com.main.flowZSN@7a3d45bd]" name="Catalog" duration-ms="5856" started-at="2018-09-25T11:37:03Z" data-provider="Catalog" depends-on-methods="com.main.flowZSN.Login" finished-at="2018-09-25T11:37:09Z">
          <params>
            <param index="0">
              <value>
                <![CDATA[catalog_]]>
              </value>
            </param>
            <param index="1">
              <value>
                <![CDATA[GDQA_SUPPLIER]]>
              </value>
            </param>
            <param index="2">
              <value>
                <![CDATA[aj_176]]>
              </value>
            </param>
            <param index="3">
              <value>
                <![CDATA[other]]>
              </value>
            </param>
            <param index="4">
              <value>
                <![CDATA[10000]]>
              </value>
            </param>
          </params>
          <exception class="java.lang.Exception">
            <full-stacktrace>
              <![CDATA[java.lang.Exception
at Framework.CommonUtitlity.click(CommonUtitlity.java:76)
at com.zycus.ZSN.main.CreateCatalog1.create_catalog_online(CreateCatalog1.java:70)
at com.main.flowZSN.Catalog(flowZSN.java:183)
at sun.reflect.NativeMethodAccessorImpl.invoke0(Native Method)
at sun.reflect.NativeMethodAccessorImpl.invoke(NativeMethodAccessorImpl.java:62)
at sun.reflect.DelegatingMethodAccessorImpl.invoke(DelegatingMethodAccessorImpl.java:43)
at java.lang.reflect.Method.invoke(Method.java:498)
at org.testng.internal.MethodInvocationHelper.invokeMethod(MethodInvocationHelper.java:124)
at org.testng.internal.Invoker.invokeMethod(Invoker.java:580)
at org.testng.internal.Invoker.invokeTestMethod(Invoker.java:716)
at org.testng.internal.Invoker.invokeTestMethods(Invoker.java:988)
at org.testng.internal.TestMethodWorker.invokeTestMethods(TestMethodWorker.java:125)
at org.testng.internal.TestMethodWorker.run(TestMethodWorker.java:109)
at org.testng.TestRunner.privateRun(TestRunner.java:648)
at org.testng.TestRunner.run(TestRunner.java:505)
at org.testng.SuiteRunner.runTest(SuiteRunner.java:455)
at org.testng.SuiteRunner.runSequentially(SuiteRunner.java:450)
at org.testng.SuiteRunner.privateRun(SuiteRunner.java:415)
at org.testng.SuiteRunner.run(SuiteRunner.java:364)
at org.testng.SuiteRunnerWorker.runSuite(SuiteRunnerWorker.java:52)
at org.testng.SuiteRunnerWorker.run(SuiteRunnerWorker.java:84)
at org.testng.TestNG.runSuitesSequentially(TestNG.java:1208)
at org.testng.TestNG.runSuitesLocally(TestNG.java:1137)
at org.testng.TestNG.runSuites(TestNG.java:1049)
at org.testng.TestNG.run(TestNG.java:1017)
at org.testng.remote.AbstractRemoteTestNG.run(AbstractRemoteTestNG.java:114)
at org.testng.remote.RemoteTestNG.initAndRun(RemoteTestNG.java:251)
at org.testng.remote.RemoteTestNG.main(RemoteTestNG.java:77)
]]>
            </full-stacktrace>
          </exception> <!-- java.lang.Exception -->
          <reporter-output>
            <line>
              <![CDATA[<img src="file://C:\Users\anisha.jain\git\PEGAutomation_latest\test-output\screenshot\img20180925_170707.png" alt=""/>]]>
            </line>
            <line>
              <![CDATA[<img src="file://C:\Users\anisha.jain\git\PEGAutomation_latest\test-output\screenshot\img20180925_170709.png" alt=""/>]]>
            </line>
          </reporter-output>
        </test-method> <!-- Catalog -->
        <test-method status="PASS" signature="getResult(org.testng.ITestResult)[pri:0, instance:com.main.flowZSN@7a3d45bd]" name="getResult" is-config="true" duration-ms="0" started-at="2018-09-25T11:37:09Z" finished-at="2018-09-25T11:37:09Z">
          <params>
            <param index="0">
              <value>
                <![CDATA[[TestResult name=Catalog status=FAILURE method=flowZSN.Catalog(java.lang.String, java.lang.String, java.lang.String, java.lang.String, java.lang.String)[pri:14, instance:com.main.flowZSN@7a3d45bd] output=<img src="file://C:\Users\anisha.jain\git\PEGAutomation_latest\test-output\screenshot\img20180925_170707.png" alt=""/>]]]>
              </value>
            </param>
          </params>
          <reporter-output>
          </reporter-output>
        </test-method> <!-- getResult -->
        <test-method status="FAIL" signature="Order(java.lang.String, java.lang.String, java.lang.String, java.lang.String, java.lang.String, java.lang.String)[pri:15, instance:com.main.flowZSN@7a3d45bd]" name="Order" duration-ms="7788" started-at="2018-09-25T11:37:09Z" data-provider="Order" depends-on-methods="com.main.flowZSN.Login" finished-at="2018-09-25T11:37:17Z">
          <params>
            <param index="0">
              <value>
                <![CDATA[CAIN EXPRESS]]>
              </value>
            </param>
            <param index="1">
              <value>
                <![CDATA[3475]]>
              </value>
            </param>
            <param index="2">
              <value>
                <![CDATA[Air]]>
              </value>
            </param>
            <param index="3">
              <value>
                <![CDATA[Express Service]]>
              </value>
            </param>
            <param index="4">
              <value>
                <![CDATA[test]]>
              </value>
            </param>
            <param index="5">
              <value>
                <![CDATA[Submit]]>
              </value>
            </param>
          </params>
          <exception class="java.lang.Exception">
            <full-stacktrace>
              <![CDATA[java.lang.Exception
at Framework.CommonUtitlity.click(CommonUtitlity.java:76)
at common.Functions.CommonFunctions.clearFilter(CommonFunctions.java:304)
at com.zycus.ZSN.main.ViewOrders1.confirmPO(ViewOrders1.java:41)
at com.main.flowZSN.Order(flowZSN.java:101)
at sun.reflect.NativeMethodAccessorImpl.invoke0(Native Method)
at sun.reflect.NativeMethodAccessorImpl.invoke(NativeMethodAccessorImpl.java:62)
at sun.reflect.DelegatingMethodAccessorImpl.invoke(DelegatingMethodAccessorImpl.java:43)
at java.lang.reflect.Method.invoke(Method.java:498)
at org.testng.internal.MethodInvocationHelper.invokeMethod(MethodInvocationHelper.java:124)
at org.testng.internal.Invoker.invokeMethod(Invoker.java:580)
at org.testng.internal.Invoker.invokeTestMethod(Invoker.java:716)
at org.testng.internal.Invoker.invokeTestMethods(Invoker.java:988)
at org.testng.internal.TestMethodWorker.invokeTestMethods(TestMethodWorker.java:125)
at org.testng.internal.TestMethodWorker.run(TestMethodWorker.java:109)
at org.testng.TestRunner.privateRun(TestRunner.java:648)
at org.testng.TestRunner.run(TestRunner.java:505)
at org.testng.SuiteRunner.runTest(SuiteRunner.java:455)
at org.testng.SuiteRunner.runSequentially(SuiteRunner.java:450)
at org.testng.SuiteRunner.privateRun(SuiteRunner.java:415)
at org.testng.SuiteRunner.run(SuiteRunner.java:364)
at org.testng.SuiteRunnerWorker.runSuite(SuiteRunnerWorker.java:52)
at org.testng.SuiteRunnerWorker.run(SuiteRunnerWorker.java:84)
at org.testng.TestNG.runSuitesSequentially(TestNG.java:1208)
at org.testng.TestNG.runSuitesLocally(TestNG.java:1137)
at org.testng.TestNG.runSuites(TestNG.java:1049)
at org.testng.TestNG.run(TestNG.java:1017)
at org.testng.remote.AbstractRemoteTestNG.run(AbstractRemoteTestNG.java:114)
at org.testng.remote.RemoteTestNG.initAndRun(RemoteTestNG.java:251)
at org.testng.remote.RemoteTestNG.main(RemoteTestNG.java:77)
]]>
            </full-stacktrace>
          </exception> <!-- java.lang.Exception -->
          <reporter-output>
            <line>
              <![CDATA[<img src="file://C:\Users\anisha.jain\git\PEGAutomation_latest\test-output\screenshot\img20180925_170713.png" alt=""/>]]>
            </line>
            <line>
              <![CDATA[<img src="file://C:\Users\anisha.jain\git\PEGAutomation_latest\test-output\screenshot\img20180925_170717.png" alt=""/>]]>
            </line>
          </reporter-output>
        </test-method> <!-- Order -->
        <test-method status="PASS" signature="tearDown()[pri:0, instance:com.main.flowZSN@7a3d45bd]" name="tearDown" is-config="true" duration-ms="187" started-at="2018-09-25T11:37:17Z" finished-at="2018-09-25T11:37:17Z">
          <reporter-output>
          </reporter-output>
        </test-method> <!-- tearDown -->
        <test-method status="PASS" signature="getResult(org.testng.ITestResult)[pri:0, instance:com.main.flowZSN@7a3d45bd]" name="getResult" is-config="true" duration-ms="0" started-at="2018-09-25T11:37:17Z" finished-at="2018-09-25T11:37:17Z">
          <params>
            <param index="0">
              <value>
                <![CDATA[[TestResult name=Order status=FAILURE method=flowZSN.Order(java.lang.String, java.lang.String, java.lang.String, java.lang.String, java.lang.String, java.lang.String)[pri:15, instance:com.main.flowZSN@7a3d45bd] output=<img src="file://C:\Users\anisha.jain\git\PEGAutomation_latest\test-output\screenshot\img20180925_170713.png" alt=""/>]]]>
              </value>
            </param>
          </params>
          <reporter-output>
          </reporter-output>
        </test-method> <!-- getResult -->
      </class> <!-- com.main.flowZSN -->
    </test> <!-- Test -->
  </suite> <!-- Suite -->
</testng-results>
